app/build/outputs/logs/manifest-merger-release-report.txt
-- Merging decision tree log ---
manifest
ADDED from src\main\AndroidManifest.xml:2:1-129:12
INJECTED from src\main\AndroidManifest.xml:2:1-129:12
INJECTED from src\main\AndroidManifest.xml:2:1-129:12
INJECTED from src\main\AndroidManifest.xml:2:1-129:12
MERGED from [:matisse] AndroidManifest.xml:17:1-33:12
MERGED from [com.github.parry-li:AndroidToolsUtils:1.0] AndroidManifest.xml:2:1-16:12
MERGED from [pub.devrel:easypermissions:2.0.1] AndroidManifest.xml:2:1-19:12
MERGED from [com.android.support:design:28.0.0] AndroidManifest.xml:17:1-24:12
MERGED from [com.android.support:appcompat-v7:28.0.0] AndroidManifest.xml:17:1-22:12
MERGED from [com.android.support:multidex:1.0.3] AndroidManifest.xml:17:1-22:12
MERGED from [io.reactivex:rxandroid:1.1.0] AndroidManifest.xml:15:1-21:12
MERGED from [com.jakewharton:butterknife:8.8.1] AndroidManifest.xml:2:1-7:12
MERGED from [com.scwang.smartrefresh:SmartRefreshLayout:1.0.4-7] AndroidManifest.xml:2:1-17:12
MERGED from [com.scwang.smartrefresh:SmartRefreshHeader:1.0.4-7] AndroidManifest.xml:2:1-17:12
MERGED from [com.tencent.bugly:crashreport:3.1.8] AndroidManifest.xml:2:1-9:12
MERGED from [com.tencent.bugly:nativecrashreport:3.7.1] AndroidManifest.xml:2:1-9:12
MERGED from [:FastBleLib] AndroidManifest.xml:2:1-16:12
MERGED from [com.github.CymChad:BaseRecyclerViewAdapterHelper:2.9.30] AndroidManifest.xml:2:1-11:12
MERGED from [com.github.parry-li:android_zxing_qrcode:1.1] AndroidManifest.xml:2:1-20:12
MERGED from [com.github.parry-li.PickViewForAndroid:pickerview:1.0] AndroidManifest.xml:2:1-11:12
MERGED from [com.github.parry-li.PickViewForAndroid:wheelview:1.0] AndroidManifest.xml:2:1-11:12
MERGED from [com.android.support:support-v4:27.1.0] AndroidManifest.xml:17:1-22:12
MERGED from [com.android.support:support-media-compat:27.1.0] AndroidManifest.xml:17:1-22:12
MERGED from [com.android.support:animated-vector-drawable:28.0.0] AndroidManifest.xml:17:1-22:12
MERGED from [com.android.support:support-vector-drawable:28.0.0] AndroidManifest.xml:17:1-22:12
MERGED from [com.android.support:recyclerview-v7:28.0.0] AndroidManifest.xml:17:1-22:12
MERGED from [com.android.support:transition:28.0.0] AndroidManifest.xml:17:1-22:12
MERGED from [com.android.support:support-fragment:28.0.0] AndroidManifest.xml:17:1-22:12
MERGED from [com.android.support:support-core-ui:28.0.0] AndroidManifest.xml:17:1-22:12
MERGED from [com.android.support:support-core-utils:28.0.0] AndroidManifest.xml:17:1-22:12
MERGED from [com.android.support:loader:28.0.0] AndroidManifest.xml:17:1-22:12
MERGED from [com.android.support:viewpager:28.0.0] AndroidManifest.xml:17:1-22:12
MERGED from [com.android.support:coordinatorlayout:28.0.0] AndroidManifest.xml:17:1-22:12
MERGED from [com.android.support:drawerlayout:28.0.0] AndroidManifest.xml:17:1-22:12
MERGED from [com.android.support:slidingpanelayout:28.0.0] AndroidManifest.xml:17:1-22:12
MERGED from [com.android.support:customview:28.0.0] AndroidManifest.xml:17:1-22:12
MERGED from [com.android.support:swiperefreshlayout:28.0.0] AndroidManifest.xml:17:1-22:12
MERGED from [com.android.support:asynclayoutinflater:28.0.0] AndroidManifest.xml:17:1-22:12
MERGED from [com.android.support:support-compat:28.0.0] AndroidManifest.xml:17:1-24:12
MERGED from [com.android.support:versionedparcelable:28.0.0] AndroidManifest.xml:17:1-25:12
MERGED from [android.arch.lifecycle:runtime:1.1.1] AndroidManifest.xml:17:1-22:12
MERGED from [android.arch.lifecycle:livedata:1.1.1] AndroidManifest.xml:17:1-22:12
MERGED from [android.arch.lifecycle:livedata-core:1.1.1] AndroidManifest.xml:17:1-22:12
MERGED from [android.arch.core:runtime:1.1.1] AndroidManifest.xml:17:1-22:12
MERGED from [com.android.support:cursoradapter:28.0.0] AndroidManifest.xml:17:1-22:12
MERGED from [com.android.support:cardview-v7:28.0.0] AndroidManifest.xml:17:1-22:12
MERGED from [com.android.support:documentfile:28.0.0] AndroidManifest.xml:17:1-22:12
MERGED from [com.android.support:localbroadcastmanager:28.0.0] AndroidManifest.xml:17:1-22:12
MERGED from [com.android.support:print:28.0.0] AndroidManifest.xml:17:1-22:12
MERGED from [android.arch.lifecycle:viewmodel:1.1.1] AndroidManifest.xml:17:1-22:12
MERGED from [com.android.support:interpolator:28.0.0] AndroidManifest.xml:17:1-22:12
MERGED from [it.sephiroth.android.library.imagezoom:library:1.0.4] AndroidManifest.xml:1:106-7:12
MERGED from [com.android.support.constraint:constraint-layout:1.1.2] AndroidManifest.xml:2:1-11:12
MERGED from [it.sephiroth.android.library.easing:library:1.0.2] AndroidManifest.xml:1:116-8:12
INJECTED from src\main\AndroidManifest.xml:2:1-129:12
INJECTED from src\main\AndroidManifest.xml:2:1-129:12
INJECTED from src\main\AndroidManifest.xml:2:1-129:12
	package
		ADDED from src\main\AndroidManifest.xml:3:5-37
		INJECTED from src\main\AndroidManifest.xml
		INJECTED from src\main\AndroidManifest.xml
	android:versionName
		INJECTED from src\main\AndroidManifest.xml
		ADDED from src\main\AndroidManifest.xml:2:1-129:12
		INJECTED from src\main\AndroidManifest.xml
	android:versionCode
		INJECTED from src\main\AndroidManifest.xml
		ADDED from src\main\AndroidManifest.xml:2:1-129:12
		INJECTED from src\main\AndroidManifest.xml
	xmlns:android
		ADDED from src\main\AndroidManifest.xml:2:11-69
uses-permission#android.permission.INTERNET
ADDED from src\main\AndroidManifest.xml:7:5-67
	android:name
		ADDED from src\main\AndroidManifest.xml:7:22-64
uses-permission#android.permission.ACCESS_NETWORK_STATE
ADDED from src\main\AndroidManifest.xml:9:5-79
	android:name
		ADDED from src\main\AndroidManifest.xml:9:22-76
uses-permission#android.permission.ACCESS_WIFI_STATE
ADDED from src\main\AndroidManifest.xml:11:5-76
	android:name
		ADDED from src\main\AndroidManifest.xml:11:22-73
uses-permission#android.permission.WRITE_EXTERNAL_STORAGE
ADDED from src\main\AndroidManifest.xml:13:5-81
MERGED from [:matisse] AndroidManifest.xml:24:5-81
MERGED from [:matisse] AndroidManifest.xml:24:5-81
	android:name
		ADDED from src\main\AndroidManifest.xml:13:22-78
uses-permission#android.permission.READ_PHONE_STATE
ADDED from src\main\AndroidManifest.xml:15:5-75
	android:name
		ADDED from src\main\AndroidManifest.xml:15:22-72
uses-permission#android.permission.CHANGE_WIFI_STATE
ADDED from src\main\AndroidManifest.xml:24:5-76
	android:name
		ADDED from src\main\AndroidManifest.xml:24:22-73
uses-permission#android.permission.CHANGE_NETWORK_STATE
ADDED from src\main\AndroidManifest.xml:26:5-79
	android:name
		ADDED from src\main\AndroidManifest.xml:26:22-76
uses-permission#android.permission.CAMERA
ADDED from src\main\AndroidManifest.xml:35:5-64
	android:name
		ADDED from src\main\AndroidManifest.xml:35:22-62
uses-permission#android.permission.VIBRATE
ADDED from src\main\AndroidManifest.xml:36:5-66
	android:name
		ADDED from src\main\AndroidManifest.xml:36:22-63
uses-permission#android.permission.PROCESS_OUTGOING_CALLS
ADDED from src\main\AndroidManifest.xml:38:5-81
	android:name
		ADDED from src\main\AndroidManifest.xml:38:22-78
uses-permission#android.permission.RECEIVE_USER_PRESENT
ADDED from src\main\AndroidManifest.xml:47:5-79
	android:name
		ADDED from src\main\AndroidManifest.xml:47:22-76
uses-permission#android.permission.READ_EXTERNAL_STORAGE
ADDED from src\main\AndroidManifest.xml:52:5-80
MERGED from [:matisse] AndroidManifest.xml:25:5-80
MERGED from [:matisse] AndroidManifest.xml:25:5-80
	android:name
		ADDED from src\main\AndroidManifest.xml:52:22-77
uses-permission#android.permission.BLUETOOTH
ADDED from src\main\AndroidManifest.xml:58:5-68
MERGED from [:FastBleLib] AndroidManifest.xml:11:5-68
MERGED from [:FastBleLib] AndroidManifest.xml:11:5-68
	android:name
		ADDED from src\main\AndroidManifest.xml:58:22-65
uses-permission#android.permission.BLUETOOTH_ADMIN
ADDED from src\main\AndroidManifest.xml:59:5-74
MERGED from [:FastBleLib] AndroidManifest.xml:12:5-74
MERGED from [:FastBleLib] AndroidManifest.xml:12:5-74
	android:name
		ADDED from src\main\AndroidManifest.xml:59:22-71
uses-permission#android.permission.BLUETOOTH_PRIVILEGED
ADDED from src\main\AndroidManifest.xml:60:5-79
	android:name
		ADDED from src\main\AndroidManifest.xml:60:22-76
uses-permission#android.permission.WAKE_LOCK
ADDED from src\main\AndroidManifest.xml:62:5-68
	android:name
		ADDED from src\main\AndroidManifest.xml:62:22-65
uses-permission#android.permission.SYSTEM_ALERT_WINDOW
ADDED from src\main\AndroidManifest.xml:63:5-78
	android:name
		ADDED from src\main\AndroidManifest.xml:63:22-75
application
ADDED from src\main\AndroidManifest.xml:72:5-127:19
MERGED from [:matisse] AndroidManifest.xml:27:5-31:19
MERGED from [:matisse] AndroidManifest.xml:27:5-31:19
MERGED from [pub.devrel:easypermissions:2.0.1] AndroidManifest.xml:11:5-17:19
MERGED from [pub.devrel:easypermissions:2.0.1] AndroidManifest.xml:11:5-17:19
MERGED from [com.android.support:design:28.0.0] AndroidManifest.xml:22:5-20
MERGED from [com.android.support:design:28.0.0] AndroidManifest.xml:22:5-20
MERGED from [com.scwang.smartrefresh:SmartRefreshLayout:1.0.4-7] AndroidManifest.xml:11:5-15:19
MERGED from [com.scwang.smartrefresh:SmartRefreshLayout:1.0.4-7] AndroidManifest.xml:11:5-15:19
MERGED from [com.scwang.smartrefresh:SmartRefreshHeader:1.0.4-7] AndroidManifest.xml:11:5-15:19
MERGED from [com.scwang.smartrefresh:SmartRefreshHeader:1.0.4-7] AndroidManifest.xml:11:5-15:19
MERGED from [com.github.parry-li:android_zxing_qrcode:1.1] AndroidManifest.xml:11:5-18:19
MERGED from [com.github.parry-li:android_zxing_qrcode:1.1] AndroidManifest.xml:11:5-18:19
MERGED from [com.android.support:support-compat:28.0.0] AndroidManifest.xml:22:5-94
MERGED from [com.android.support:support-compat:28.0.0] AndroidManifest.xml:22:5-94
MERGED from [com.android.support:versionedparcelable:28.0.0] AndroidManifest.xml:22:5-23:19
MERGED from [com.android.support:versionedparcelable:28.0.0] AndroidManifest.xml:22:5-23:19
MERGED from [it.sephiroth.android.library.imagezoom:library:1.0.4] AndroidManifest.xml:5:5-19
MERGED from [it.sephiroth.android.library.imagezoom:library:1.0.4] AndroidManifest.xml:5:5-19
MERGED from [com.android.support.constraint:constraint-layout:1.1.2] AndroidManifest.xml:9:5-20
MERGED from [com.android.support.constraint:constraint-layout:1.1.2] AndroidManifest.xml:9:5-20
MERGED from [it.sephiroth.android.library.easing:library:1.0.2] AndroidManifest.xml:5:5-6:19
MERGED from [it.sephiroth.android.library.easing:library:1.0.2] AndroidManifest.xml:5:5-6:19
	android:appComponentFactory
		ADDED from [com.android.support:support-compat:28.0.0] AndroidManifest.xml:22:18-91
	android:supportsRtl
		ADDED from src\main\AndroidManifest.xml:78:9-35
	android:label
		ADDED from src\main\AndroidManifest.xml:77:9-41
	android:icon
		ADDED from src\main\AndroidManifest.xml:75:9-53
	android:allowBackup
		ADDED from src\main\AndroidManifest.xml:74:9-35
	android:theme
		ADDED from src\main\AndroidManifest.xml:79:9-40
	android:usesCleartextTraffic
		ADDED from src\main\AndroidManifest.xml:76:9-44
	android:name
		ADDED from src\main\AndroidManifest.xml:73:9-50
activity#com.tdr.registrationv3.ui.activity.LoginActivity
ADDED from src\main\AndroidManifest.xml:84:9-92:20
	android:label
		ADDED from src\main\AndroidManifest.xml:86:13-45
	android:name
		ADDED from src\main\AndroidManifest.xml:85:13-76
intent-filter#action:name:android.intent.action.MAIN+category:name:android.intent.category.LAUNCHER
ADDED from src\main\AndroidManifest.xml:87:13-91:29
action#android.intent.action.MAIN
ADDED from src\main\AndroidManifest.xml:88:17-69
	android:name
		ADDED from src\main\AndroidManifest.xml:88:25-66
category#android.intent.category.LAUNCHER
ADDED from src\main\AndroidManifest.xml:90:17-77
	android:name
		ADDED from src\main\AndroidManifest.xml:90:27-74
activity#com.tdr.registrationv3.ui.activity.CityPickerActivity
ADDED from src\main\AndroidManifest.xml:95:9-159
	android:screenOrientation
		ADDED from src\main\AndroidManifest.xml:95:89-125
	android:launchMode
		ADDED from src\main\AndroidManifest.xml:95:127-157
	android:name
		ADDED from src\main\AndroidManifest.xml:95:19-87
activity#com.tdr.registrationv3.ui.activity.home.HomeActivity
ADDED from src\main\AndroidManifest.xml:96:9-158
	android:screenOrientation
		ADDED from src\main\AndroidManifest.xml:96:87-123
	android:launchMode
		ADDED from src\main\AndroidManifest.xml:96:125-155
	android:name
		ADDED from src\main\AndroidManifest.xml:96:19-86
activity#com.tdr.registrationv3.ui.activity.car.CarQueryActivity
ADDED from src\main\AndroidManifest.xml:97:9-161
	android:screenOrientation
		ADDED from src\main\AndroidManifest.xml:97:91-127
	android:launchMode
		ADDED from src\main\AndroidManifest.xml:97:129-159
	android:name
		ADDED from src\main\AndroidManifest.xml:97:19-89
activity#com.tdr.registrationv3.ui.activity.car.CarChangeActivity
ADDED from src\main\AndroidManifest.xml:98:9-162
	android:screenOrientation
		ADDED from src\main\AndroidManifest.xml:98:92-128
	android:launchMode
		ADDED from src\main\AndroidManifest.xml:98:130-160
	android:name
		ADDED from src\main\AndroidManifest.xml:98:19-90
activity#com.tdr.registrationv3.ui.activity.car.RegisterMainActivity
ADDED from src\main\AndroidManifest.xml:99:9-165
	android:screenOrientation
		ADDED from src\main\AndroidManifest.xml:99:95-131
	android:launchMode
		ADDED from src\main\AndroidManifest.xml:99:133-163
	android:name
		ADDED from src\main\AndroidManifest.xml:99:19-93
activity#com.tdr.registrationv3.ui.activity.scan.QRCodeScanActivity
ADDED from src\main\AndroidManifest.xml:100:9-164
	android:screenOrientation
		ADDED from src\main\AndroidManifest.xml:100:94-130
	android:launchMode
		ADDED from src\main\AndroidManifest.xml:100:132-162
	android:name
		ADDED from src\main\AndroidManifest.xml:100:19-92
activity#com.tdr.registrationv3.ui.activity.car.CarTransferActivity
ADDED from src\main\AndroidManifest.xml:101:9-164
	android:screenOrientation
		ADDED from src\main\AndroidManifest.xml:101:93-129
	android:launchMode
		ADDED from src\main\AndroidManifest.xml:101:131-161
	android:name
		ADDED from src\main\AndroidManifest.xml:101:19-92
activity#com.tdr.registrationv3.ui.activity.CodeTableActivity
ADDED from src\main\AndroidManifest.xml:102:9-159
	android:screenOrientation
		ADDED from src\main\AndroidManifest.xml:102:88-124
	android:launchMode
		ADDED from src\main\AndroidManifest.xml:102:126-156
	android:name
		ADDED from src\main\AndroidManifest.xml:102:19-86
activity#com.tdr.registrationv3.ui.activity.car.CarScrapActivity
ADDED from src\main\AndroidManifest.xml:103:9-161
	android:screenOrientation
		ADDED from src\main\AndroidManifest.xml:103:91-127
	android:launchMode
		ADDED from src\main\AndroidManifest.xml:103:129-159
	android:name
		ADDED from src\main\AndroidManifest.xml:103:19-89
activity#com.tdr.registrationv3.ui.activity.insurance.InsuranceActivity
ADDED from src\main\AndroidManifest.xml:104:9-168
	android:screenOrientation
		ADDED from src\main\AndroidManifest.xml:104:98-134
	android:launchMode
		ADDED from src\main\AndroidManifest.xml:104:136-166
	android:name
		ADDED from src\main\AndroidManifest.xml:104:19-96
activity#com.tdr.registrationv3.ui.activity.car.ChangeRegisterMainActivity
ADDED from src\main\AndroidManifest.xml:105:9-171
	android:screenOrientation
		ADDED from src\main\AndroidManifest.xml:105:101-137
	android:launchMode
		ADDED from src\main\AndroidManifest.xml:105:139-169
	android:name
		ADDED from src\main\AndroidManifest.xml:105:19-99
activity#com.tdr.registrationv3.ui.activity.me.PasswordActivity
ADDED from src\main\AndroidManifest.xml:106:9-160
	android:screenOrientation
		ADDED from src\main\AndroidManifest.xml:106:90-126
	android:launchMode
		ADDED from src\main\AndroidManifest.xml:106:128-158
	android:name
		ADDED from src\main\AndroidManifest.xml:106:19-88
activity#com.tdr.registrationv3.ui.activity.insurance.InsuranceWaitActivity
ADDED from src\main\AndroidManifest.xml:107:9-172
	android:screenOrientation
		ADDED from src\main\AndroidManifest.xml:107:102-138
	android:launchMode
		ADDED from src\main\AndroidManifest.xml:107:140-170
	android:name
		ADDED from src\main\AndroidManifest.xml:107:19-100
activity#com.tdr.registrationv3.ui.activity.insurance.InsuranceWaitChangeActivity
ADDED from src\main\AndroidManifest.xml:108:9-178
	android:screenOrientation
		ADDED from src\main\AndroidManifest.xml:108:108-144
	android:launchMode
		ADDED from src\main\AndroidManifest.xml:108:146-176
	android:name
		ADDED from src\main\AndroidManifest.xml:108:19-106
activity#com.tdr.registrationv3.ui.activity.home.PersonageStatisticsActivity
ADDED from src\main\AndroidManifest.xml:109:9-173
	android:screenOrientation
		ADDED from src\main\AndroidManifest.xml:109:103-139
	android:launchMode
		ADDED from src\main\AndroidManifest.xml:109:141-171
	android:name
		ADDED from src\main\AndroidManifest.xml:109:19-101
activity#com.tdr.registrationv3.ui.activity.home.StatisticsUnitActivity
ADDED from src\main\AndroidManifest.xml:110:9-168
	android:screenOrientation
		ADDED from src\main\AndroidManifest.xml:110:98-134
	android:launchMode
		ADDED from src\main\AndroidManifest.xml:110:136-166
	android:name
		ADDED from src\main\AndroidManifest.xml:110:19-96
provider#android.support.v4.content.FileProvider
ADDED from src\main\AndroidManifest.xml:117:9-125:20
	android:grantUriPermissions
		ADDED from src\main\AndroidManifest.xml:121:13-47
	android:authorities
		ADDED from src\main\AndroidManifest.xml:119:13-57
	android:exported
		ADDED from src\main\AndroidManifest.xml:120:13-37
	android:name
		ADDED from src\main\AndroidManifest.xml:118:13-67
meta-data#android.support.FILE_PROVIDER_PATHS
ADDED from src\main\AndroidManifest.xml:122:13-124:64
	android:resource
		ADDED from src\main\AndroidManifest.xml:124:17-51
	android:name
		ADDED from src\main\AndroidManifest.xml:123:17-67
uses-sdk
INJECTED from src\main\AndroidManifest.xml reason: use-sdk injection requested
INJECTED from src\main\AndroidManifest.xml
INJECTED from src\main\AndroidManifest.xml
MERGED from [:matisse] AndroidManifest.xml:20:5-22:41
MERGED from [:matisse] AndroidManifest.xml:20:5-22:41
MERGED from [com.github.parry-li:AndroidToolsUtils:1.0] AndroidManifest.xml:12:5-14:41
MERGED from [com.github.parry-li:AndroidToolsUtils:1.0] AndroidManifest.xml:12:5-14:41
MERGED from [pub.devrel:easypermissions:2.0.1] AndroidManifest.xml:7:5-9:41
MERGED from [pub.devrel:easypermissions:2.0.1] AndroidManifest.xml:7:5-9:41
MERGED from [com.android.support:design:28.0.0] AndroidManifest.xml:20:5-44
MERGED from [com.android.support:design:28.0.0] AndroidManifest.xml:20:5-44
MERGED from [com.android.support:appcompat-v7:28.0.0] AndroidManifest.xml:20:5-44
MERGED from [com.android.support:appcompat-v7:28.0.0] AndroidManifest.xml:20:5-44
MERGED from [com.android.support:multidex:1.0.3] AndroidManifest.xml:20:5-43
MERGED from [com.android.support:multidex:1.0.3] AndroidManifest.xml:20:5-43
MERGED from [io.reactivex:rxandroid:1.1.0] AndroidManifest.xml:19:5-43
MERGED from [io.reactivex:rxandroid:1.1.0] AndroidManifest.xml:19:5-43
MERGED from [com.jakewharton:butterknife:8.8.1] AndroidManifest.xml:5:5-43
MERGED from [com.jakewharton:butterknife:8.8.1] AndroidManifest.xml:5:5-43
MERGED from [com.scwang.smartrefresh:SmartRefreshLayout:1.0.4-7] AndroidManifest.xml:7:5-9:41
MERGED from [com.scwang.smartrefresh:SmartRefreshLayout:1.0.4-7] AndroidManifest.xml:7:5-9:41
MERGED from [com.scwang.smartrefresh:SmartRefreshHeader:1.0.4-7] AndroidManifest.xml:7:5-9:41
MERGED from [com.scwang.smartrefresh:SmartRefreshHeader:1.0.4-7] AndroidManifest.xml:7:5-9:41
MERGED from [com.tencent.bugly:crashreport:3.1.8] AndroidManifest.xml:5:5-7:41
MERGED from [com.tencent.bugly:crashreport:3.1.8] AndroidManifest.xml:5:5-7:41
MERGED from [com.tencent.bugly:nativecrashreport:3.7.1] AndroidManifest.xml:5:5-7:41
MERGED from [com.tencent.bugly:nativecrashreport:3.7.1] AndroidManifest.xml:5:5-7:41
MERGED from [:FastBleLib] AndroidManifest.xml:7:5-9:41
MERGED from [:FastBleLib] AndroidManifest.xml:7:5-9:41
MERGED from [com.github.CymChad:BaseRecyclerViewAdapterHelper:2.9.30] AndroidManifest.xml:7:5-9:41
MERGED from [com.github.CymChad:BaseRecyclerViewAdapterHelper:2.9.30] AndroidManifest.xml:7:5-9:41
MERGED from [com.github.parry-li:android_zxing_qrcode:1.1] AndroidManifest.xml:7:5-9:41
MERGED from [com.github.parry-li:android_zxing_qrcode:1.1] AndroidManifest.xml:7:5-9:41
MERGED from [com.github.parry-li.PickViewForAndroid:pickerview:1.0] AndroidManifest.xml:7:5-9:41
MERGED from [com.github.parry-li.PickViewForAndroid:pickerview:1.0] AndroidManifest.xml:7:5-9:41
MERGED from [com.github.parry-li.PickViewForAndroid:wheelview:1.0] AndroidManifest.xml:7:5-9:41
MERGED from [com.github.parry-li.PickViewForAndroid:wheelview:1.0] AndroidManifest.xml:7:5-9:41
MERGED from [com.android.support:support-v4:27.1.0] AndroidManifest.xml:20:5-44
MERGED from [com.android.support:support-v4:27.1.0] AndroidManifest.xml:20:5-44
MERGED from [com.android.support:support-media-compat:27.1.0] AndroidManifest.xml:20:5-44
MERGED from [com.android.support:support-media-compat:27.1.0] AndroidManifest.xml:20:5-44
MERGED from [com.android.support:animated-vector-drawable:28.0.0] AndroidManifest.xml:20:5-44
MERGED from [com.android.support:animated-vector-drawable:28.0.0] AndroidManifest.xml:20:5-44
MERGED from [com.android.support:support-vector-drawable:28.0.0] AndroidManifest.xml:20:5-44
MERGED from [com.android.support:support-vector-drawable:28.0.0] AndroidManifest.xml:20:5-44
MERGED from [com.android.support:recyclerview-v7:28.0.0] AndroidManifest.xml:20:5-44
MERGED from [com.android.support:recyclerview-v7:28.0.0] AndroidManifest.xml:20:5-44
MERGED from [com.android.support:transition:28.0.0] AndroidManifest.xml:20:5-44
MERGED from [com.android.support:transition:28.0.0] AndroidManifest.xml:20:5-44
MERGED from [com.android.support:support-fragment:28.0.0] AndroidManifest.xml:20:5-44
MERGED from [com.android.support:support-fragment:28.0.0] AndroidManifest.xml:20:5-44
MERGED from [com.android.support:support-core-ui:28.0.0] AndroidManifest.xml:20:5-44
MERGED from [com.android.support:support-core-ui:28.0.0] AndroidManifest.xml:20:5-44
MERGED from [com.android.support:support-core-utils:28.0.0] AndroidManifest.xml:20:5-44
MERGED from [com.android.support:support-core-utils:28.0.0] AndroidManifest.xml:20:5-44
MERGED from [com.android.support:loader:28.0.0] AndroidManifest.xml:20:5-44
MERGED from [com.android.support:loader:28.0.0] AndroidManifest.xml:20:5-44
MERGED from [com.android.support:viewpager:28.0.0] AndroidManifest.xml:20:5-44
MERGED from [com.android.support:viewpager:28.0.0] AndroidManifest.xml:20:5-44
MERGED from [com.android.support:coordinatorlayout:28.0.0] AndroidManifest.xml:20:5-44
MERGED from [com.android.support:coordinatorlayout:28.0.0] AndroidManifest.xml:20:5-44
MERGED from [com.android.support:drawerlayout:28.0.0] AndroidManifest.xml:20:5-44
MERGED from [com.android.support:drawerlayout:28.0.0] AndroidManifest.xml:20:5-44
MERGED from [com.android.support:slidingpanelayout:28.0.0] AndroidManifest.xml:20:5-44
MERGED from [com.android.support:slidingpanelayout:28.0.0] AndroidManifest.xml:20:5-44
MERGED from [com.android.support:customview:28.0.0] AndroidManifest.xml:20:5-44
MERGED from [com.android.support:customview:28.0.0] AndroidManifest.xml:20:5-44
MERGED from [com.android.support:swiperefreshlayout:28.0.0] AndroidManifest.xml:20:5-44
MERGED from [com.android.support:swiperefreshlayout:28.0.0] AndroidManifest.xml:20:5-44
MERGED from [com.android.support:asynclayoutinflater:28.0.0] AndroidManifest.xml:20:5-44
MERGED from [com.android.support:asynclayoutinflater:28.0.0] AndroidManifest.xml:20:5-44
MERGED from [com.android.support:support-compat:28.0.0] AndroidManifest.xml:20:5-44
MERGED from [com.android.support:support-compat:28.0.0] AndroidManifest.xml:20:5-44
MERGED from [com.android.support:versionedparcelable:28.0.0] AndroidManifest.xml:20:5-44
MERGED from [com.android.support:versionedparcelable:28.0.0] AndroidManifest.xml:20:5-44
MERGED from [android.arch.lifecycle:runtime:1.1.1] AndroidManifest.xml:20:5-44
MERGED from [android.arch.lifecycle:runtime:1.1.1] AndroidManifest.xml:20:5-44
MERGED from [android.arch.lifecycle:livedata:1.1.1] AndroidManifest.xml:20:5-44
MERGED from [android.arch.lifecycle:livedata:1.1.1] AndroidManifest.xml:20:5-44
MERGED from [android.arch.lifecycle:livedata-core:1.1.1] AndroidManifest.xml:20:5-44
MERGED from [android.arch.lifecycle:livedata-core:1.1.1] AndroidManifest.xml:20:5-44
MERGED from [android.arch.core:runtime:1.1.1] AndroidManifest.xml:20:5-44
MERGED from [android.arch.core:runtime:1.1.1] AndroidManifest.xml:20:5-44
MERGED from [com.android.support:cursoradapter:28.0.0] AndroidManifest.xml:20:5-44
MERGED from [com.android.support:cursoradapter:28.0.0] AndroidManifest.xml:20:5-44
MERGED from [com.android.support:cardview-v7:28.0.0] AndroidManifest.xml:20:5-44
MERGED from [com.android.support:cardview-v7:28.0.0] AndroidManifest.xml:20:5-44
MERGED from [com.android.support:documentfile:28.0.0] AndroidManifest.xml:20:5-44
MERGED from [com.android.support:documentfile:28.0.0] AndroidManifest.xml:20:5-44
MERGED from [com.android.support:localbroadcastmanager:28.0.0] AndroidManifest.xml:20:5-44
MERGED from [com.android.support:localbroadcastmanager:28.0.0] AndroidManifest.xml:20:5-44
MERGED from [com.android.support:print:28.0.0] AndroidManifest.xml:20:5-44
MERGED from [com.android.support:print:28.0.0] AndroidManifest.xml:20:5-44
MERGED from [android.arch.lifecycle:viewmodel:1.1.1] AndroidManifest.xml:20:5-44
MERGED from [android.arch.lifecycle:viewmodel:1.1.1] AndroidManifest.xml:20:5-44
MERGED from [com.android.support:interpolator:28.0.0] AndroidManifest.xml:20:5-44
MERGED from [com.android.support:interpolator:28.0.0] AndroidManifest.xml:20:5-44
MERGED from [it.sephiroth.android.library.imagezoom:library:1.0.4] AndroidManifest.xml:3:5-72
MERGED from [it.sephiroth.android.library.imagezoom:library:1.0.4] AndroidManifest.xml:3:5-72
MERGED from [com.android.support.constraint:constraint-layout:1.1.2] AndroidManifest.xml:5:5-7:41
MERGED from [com.android.support.constraint:constraint-layout:1.1.2] AndroidManifest.xml:5:5-7:41
MERGED from [it.sephiroth.android.library.easing:library:1.0.2] AndroidManifest.xml:3:5-72
MERGED from [it.sephiroth.android.library.easing:library:1.0.2] AndroidManifest.xml:3:5-72
INJECTED from src\main\AndroidManifest.xml
INJECTED from src\main\AndroidManifest.xml
	android:targetSdkVersion
		INJECTED from src\main\AndroidManifest.xml
		ADDED from src\main\AndroidManifest.xml
		INJECTED from src\main\AndroidManifest.xml
	android:minSdkVersion
		INJECTED from src\main\AndroidManifest.xml
		ADDED from src\main\AndroidManifest.xml
		INJECTED from src\main\AndroidManifest.xml
activity#com.zhihu.matisse.ui.MatisseActivity
ADDED from [:matisse] AndroidManifest.xml:28:9-73
	android:name
		ADDED from [:matisse] AndroidManifest.xml:28:19-70
activity#com.zhihu.matisse.internal.ui.AlbumPreviewActivity
ADDED from [:matisse] AndroidManifest.xml:29:9-87
	android:name
		ADDED from [:matisse] AndroidManifest.xml:29:19-84
activity#com.zhihu.matisse.internal.ui.SelectedPreviewActivity
ADDED from [:matisse] AndroidManifest.xml:30:9-90
	android:name
		ADDED from [:matisse] AndroidManifest.xml:30:19-87
activity#pub.devrel.easypermissions.AppSettingsDialogHolderActivity
ADDED from [pub.devrel:easypermissions:2.0.1] AndroidManifest.xml:12:9-16:66
	android:label
		ADDED from [pub.devrel:easypermissions:2.0.1] AndroidManifest.xml:15:13-29
	android:exported
		ADDED from [pub.devrel:easypermissions:2.0.1] AndroidManifest.xml:14:13-37
	android:theme
		ADDED from [pub.devrel:easypermissions:2.0.1] AndroidManifest.xml:16:13-63
	android:name
		ADDED from [pub.devrel:easypermissions:2.0.1] AndroidManifest.xml:13:13-86
uses-permission#android.permission.ACCESS_COARSE_LOCATION
ADDED from [:FastBleLib] AndroidManifest.xml:13:5-81
	android:name
		ADDED from [:FastBleLib] AndroidManifest.xml:13:22-78
uses-permission#android.permission.ACCESS_FINE_LOCATION
ADDED from [:FastBleLib] AndroidManifest.xml:14:5-79
	android:name
		ADDED from [:FastBleLib] AndroidManifest.xml:14:22-76
activity#com.parry.zxing.activity.CaptureActivity
ADDED from [com.github.parry-li:android_zxing_qrcode:1.1] AndroidManifest.xml:12:9-17:63
	android:screenOrientation
		ADDED from [com.github.parry-li:android_zxing_qrcode:1.1] AndroidManifest.xml:15:13-49
	android:windowSoftInputMode
		ADDED from [com.github.parry-li:android_zxing_qrcode:1.1] AndroidManifest.xml:17:13-60
	android:configChanges
		ADDED from [com.github.parry-li:android_zxing_qrcode:1.1] AndroidManifest.xml:14:13-63
	android:theme
		ADDED from [com.github.parry-li:android_zxing_qrcode:1.1] AndroidManifest.xml:16:13-63
	android:name
		ADDED from [com.github.parry-li:android_zxing_qrcode:1.1] AndroidManifest.xml:13:13-68